<?xml version="1.0" encoding="UTF-8"?>
<!-- Generated by org.testng.reporters.JUnitReportReporter -->
<testsuite skipped="0" hostname="Balajis-MBP.lan" name="test.TC_001" tests="1" failures="0" timestamp="2023-01-14T23:57:01 CST" time="3.944" errors="0">
  <testcase name="test1" time="3.944" classname="test.TC_001"/>
  <system-out/>
</testsuite> <!-- test.TC_001 -->
